<?xml version="1.0" encoding="UTF-8" standalone="yes" ?>
<test-results name="D:\Users\jason\Documents\Embarcadero\Studio\Projects\DelphiLibrary\Win32\Debug\TestGeneralLibrary.exe" total="3" errors="0" failures="1" ignored="0" inconclusive="0" not-run="0" skipped="0" invalid="0" date="2024-07-30" time="2.392">
  <culture-info current-culture="en" current-uiculture="en" />
  <test-suite type="Assembly" name="TestGeneralLibrary.exe" executed="true" result="Failure" success="False" time="2.392" asserts="0">
    <results>
        <test-suite type="Namespace" name="TestLinearAlgeberaMethods" executed="true" result="Failure" success="False" time="2.391" asserts="0" >
          <results>
              <test-suite type="Fixture" name="TTestLinearAlgebraMethods" executed="True" result="Failure" success="False" time="2.391" >
                <results>
                  <test-case name="TestDeterminant" executed="True" result="Failure" success="False" time="2.388" asserts="0" >
                    <failure>
                      <message>
                        <![CDATA[ Expected 27 but got 28 3x3 ]]>
                      </message>
                      <stack-trace>
                        <![CDATA[  ]]>
                      </stack-trace>
                    </failure>
                  </test-case>
                  <test-case name="Test2.TestA" executed="True" result="Success" success="True" time="0.000" asserts="0" />
                  <test-case name="Test2.TestB" executed="True" result="Success" success="True" time="0.000" asserts="0" />
                </results>
              </test-suite>
          </results>
        </test-suite>
    </results>
  </test-suite>
</test-results>
