<?xml version="1.0" encoding="UTF-8" standalone="yes" ?>
<test-results name="D:\Users\jason\Documents\Embarcadero\Studio\Projects\DelphiLibrary\TestDelphiLibrary\TestGeneralLibrary.exe" total="4" errors="0" failures="0" ignored="0" inconclusive="0" not-run="0" skipped="0" invalid="0" date="2024-08-18" time="0.002">
  <culture-info current-culture="en" current-uiculture="en" />
  <test-suite type="Assembly" name="TestGeneralLibrary.exe" executed="true" result="Success" success="True" time="0.002" asserts="0">
    <results>
        <test-suite type="Namespace" name="TestLinearAlgeberaMethods" executed="true" result="Success" success="True" time="0.002" asserts="0" >
          <results>
              <test-suite type="Fixture" name="TTestLinearAlgebraMethods" executed="True" result="Success" success="True" time="0.002" >
                <results>
                  <test-case name="TestDeterminant" executed="True" result="Success" success="True" time="0.000" asserts="0" />
                  <test-case name="Test2.TestA" executed="True" result="Success" success="True" time="0.000" asserts="0" />
                  <test-case name="Test2.TestB" executed="True" result="Success" success="True" time="0.000" asserts="0" />
                </results>
              </test-suite>
          </results>
        </test-suite>
        <test-suite type="Namespace" name="TestGeomLineClass" executed="true" result="Success" success="True" time="0.001" asserts="0" >
          <results>
              <test-suite type="Fixture" name="TTestGeomLineClass" executed="True" result="Success" success="True" time="0.001" >
                <results>
                  <test-case name="TestLineIntersection" executed="True" result="Success" success="True" time="0.000" asserts="0" />
                </results>
              </test-suite>
          </results>
        </test-suite>
    </results>
  </test-suite>
</test-results>
